Beginning new run

157:
'l'
157:
'l'
157:
'l'
157:
'l'
20:
OrderedDict([('tuxbellcom', (6310205, 0, 0)), ('do-women-actually-like-this-look', (14455744, 4, 0)), ('art', (14449928, 87, 23)), ('fa-feels-thread', (14449025, 48, 7)), ('can-someone-tell-me-please-how-can-i-make-this', (14456031, 1, 0)), ('why-im-quitting-fashion', (14449531, 21, 5)), ('k', (14455861, 2, 1)), ('best-worst-of-jonah-hill-thread', (14455520, 14, 0)), ('sleazecore', (14444969, 124, 43)), ('how-should-i-dress-as-an-indie-game-designer', (14455214, 9, 2)), ('female-fashion', (14443147, 255, 131)), ('what-do-you-think-of-nicks-fit-fa', (14455969, 6, 3)), ('how-is-north-korea-so-damn-effay', (14455563, 18, 7)), ('how-much-makeup-is-too-much', (14452936, 45, 8)), ('boots-general-boots', (14446812, 162, 35)), ('fragrance-general', (14447946, 314, 51)), ('hey-4channel', (14454372, 17, 2)), ('wt-watch-thread', (14454494, 196, 40)), ('quick-question-does-this-look-retarded-the-shoes', (14455580, 19, 3)), ('they-say-fashion-is-cyclical-when-are-dragon', (14455315, 24, 6)), ('lets-have-a-awfull-clothes-youll-wear-for-fun', (14451486, 36, 12)), ('just-watched-drive-with-ryan-gosling-for-the', (14452564, 32, 10)), ('cop-or-not', (14439473, 229, 92)), ('post-your-ideal-girlfriends-style', (14446121, 220, 99)), ('why-arent-these-the-number-one-shoe-on-this-board', (14454924, 3, 0)), ('what-are-some-of-the-most-fa-transpeople', (14455334, 19, 7)), ('should-i-color-my-hair', (14455909, 9, 0)), ('recent-cops-thread', (14440932, 89, 35)), ('vaporfashion', (14455225, 7, 1)), ('rec-me-some-black-leather-trainers-that-can-be', (14454326, 7, 2)), ('what-do-you-think-about-moustaches', (14455842, 7, 5)), ('why-do-so-many-women-get-ugly-nose-piercings-now', (14455046, 19, 2)), ('lets-see-if-fa-can-get-this-right', (14455370, 14, 3)), ('what-are-the-best-sunglasses-for-a-poorfag', (14454049, 4, 1)), ('grid-thread', (14436512, 217, 66)), ('guys-im-20-wtf-do-i-do-besides-kill-myself', (14451494, 39, 6)), ('should-you-wash-brand-new-clothes-that-you-buy', (14452999, 8, 0)), ('beards-are-the-fedora-of-the-body', (14455602, 10, 3)), ('jonah-is-back', (14454136, 31, 19)), ('id-thread', (14455840, 4, 0)), ('male-hair-products-that-dont-darken-hair', (14454843, 8, 3)), ('any-linksinfographs-on-how-to-build-a-wardrobe', (14455017, 4, 0)), ('bigj-shoe', (14455517, 7, 2)), ('recreating-this-look', (14455751, 3, 0)), ('sneakers-general-snkrs', (14444326, 161, 60)), ('fa-i-need-your-help-incorporating-this-shirt-into', (14453431, 11, 1)), ('why-havent-you-taken-the-crustpill-fa', (14455478, 25, 5)), ('beat-takeshis-clothing-choice', (14455915, 0, 0)), ('skinny-chad-thread', (14455896, 1, 0)), ('blue-safari-jacket', (14454331, 8, 4)), ('utilitarian-wear', (14455700, 9, 1)), ('which-yeezys-are-the-best-to-buy', (14453782, 13, 5)), ('waywt', (14448682, 142, 37)), ('small-accessorites-inpirationappriciation-thread', (14451430, 45, 13)), ('can-somebody-explain-to-me-what-sexcore-is-and', (14453190, 30, 4)), ('whos-the-playboi-carti-of-fashion', (14451029, 24, 5)), ('rip', (14451278, 31, 5)), ('diy-generaldiy', (14448345, 86, 28)), ('fa-my-bmi-is-17-but-i-feel-too-fat', (14453865, 61, 4)), ('convince-me-why-i-shouldnt-buy-timbs-over-docs', (14454653, 17, 1)), ('hair-general-wtf-should-i-do-with-my-hair-edition', (14450163, 95, 28)), ('wt-watch-thread-omega-motmfm-edition', (14441027, 277, 57)), ('queens-of-fa-thread', (14437450, 143, 39)), ('fa-help-1-lets-make-you-look-fa', (14452015, 30, 6)), ('thoughts-on-vermont-hat', (14454922, 4, 0)), ('how-do-i-achieve-this-hairstyle-starting-from', (14452851, 13, 1)), ('i-made-500k-in-the-the-bullrun-choose-my-outfits', (14454408, 9, 1)), ('rate-me-and-my-girls-look', (14452027, 46, 11)), ('bruh-yall-got-some-fire-soundcloud-hiphop-for-me', (14452559, 28, 9)), ('should-progressives-use-fashion-to-draw-appeal-or', (14450559, 62, 6)), ('how-much-is-your-outfit-bro', (14455677, 0, 0)), ('whaddaya-think', (14451491, 45, 1)), ('decent-suittie-combination', (14447408, 62, 29)), ('i-was-initially-thinking-about-black-but-do-you', (14452820, 4, 0)), ('any-tips-for-woman-fashionlooks-in-general-im-a', (14455104, 44, 3)), ('what-do-you-call-this-look', (14451515, 20, 3)), ('skin-thread', (14423140, 149, 14)), ('club-outfits', (14455209, 6, 1)), ('koreaboo-hair', (14455051, 3, 1)), ('spending-all-my-money-on-clothes-to-avoid-working', (14454773, 7, 4)), ('be-part-time-fashion-student-as-a-hobby-because-i', (14455463, 2, 0)), ('what-are-the-best-resources-to-find-some-good', (14455154, 3, 0)), ('my-face-is-asymmetrical', (14454885, 13, 4)), ('how-do-i-achieve-this-aesthetic', (14453272, 14, 1)), ('how-to-make-these-types-of-pants-work', (14455419, 1, 0)), ('quick-question', (14452445, 27, 13)), ('how-i-dress-to-get-girl-like-this', (14454576, 7, 1)), ('alert-alert-alert', (14455396, 2, 0)), ('i-love-this-shirt-but-im-in-europe-and-dont-know', (14455392, 6, 1)), ('tradivyprep-thread-gth-edition', (14449638, 136, 30)), ('anime-inspo', (14454803, 6, 5)), ('fashion-trends-you-want-back', (14439439, 98, 34)), ('tonight', (14453682, 7, 1)), ('how-do-i-build-a-business-casual-wardrobe', (14455101, 3, 0)), ('why-are-all-barbers-so-fucking-stupid-i-asked-him', (14453206, 23, 3)), ('jodeci', (14454231, 10, 1)), ('how-do-you-trim-your-pubes-without-it-getting-so', (14455210, 6, 1)), ('do-you-like-girls-with-bangs', (14444788, 101, 18)), ('are-doctors-effay-should-i-become-one', (14445917, 148, 23)), ('what-should-i-wear-to-interest-my-boyfriend-in', (14454499, 13, 1)), ('what-are-some-good-fashion-youtubers-that-you', (14453371, 12, 3)), ('sexy-lucifer-statue', (14455119, 2, 0)), ('what-core-is-dressing-like-a-lesbian-vampire-in-a', (14454026, 1, 0)), ('is-plastic-surgery-fa', (14454651, 9, 1)), ('how-much-jewelry-is-a-man-allowed-to-wear', (14454623, 4, 0)), ('just-ordered-two-pair-of-espadrilles-one-bluepic', (14454674, 4, 2)), ('is-he-based', (14451794, 23, 3)), ('bandanas', (14454812, 5, 2)), ('what-core-is-this', (14454848, 5, 2)), ('im-putting-together-a-team-serious-applications', (14445021, 59, 53)), ('sup-fa', (14453209, 5, 0)), ('fa-has-really-turned-to-shit', (14452568, 12, 3)), ('there-is-literally-nothing-wrong-with-tighty', (14451750, 21, 4)), ('what-do-you-think-about-overalls', (14452931, 31, 2)), ('rate-my-style', (14451338, 25, 1)), ('moves-containers-from-china-to-the-world', (14448623, 45, 10)), ('would-like-the-sweater', (14451866, 15, 1)), ('whats-the-name-of-this-aesthetic-what-brands-you', (14453475, 13, 0)), ('vostok-watches', (14453641, 13, 2)), ('is-it-normal-that-im-sexually-attracted-by-my-own', (14454633, 8, 2)), ('wtf-he-looks-more-like-bladee-does-than-bladee', (14454797, 3, 2)), ('what-kinda-clothing-would-you-wear-to-to-have-a', (14444787, 119, 41)), ('i-have-the-exact-same-hair-texture-as-this-leaf', (14454805, 3, 1)), ('how-do-i-achieve-this-look-as-a-sub-20-bmi-18', (14454680, 3, 0)), ('are-my-beautiful-arms-a-good-fashion-accessory-i', (14454779, 8, 1)), ('any-wuppertal-fags-in-here-lets-do-a-meet-up', (14452041, 25, 5)), ('why-yes-im-here-for-sex-how-did-you-know', (14453091, 6, 0)), ('brown-hair-pale-skin-very-light-eyes-female-23', (14453451, 22, 1)), ('what-is-the-real-life-version-of-this-hair-or', (14454670, 1, 0)), ('id-thread-id-thread', (14454375, 3, 2)), ('what-is-fas-opinion-on-finna-wolhard', (14453505, 25, 5)), ('does-anybody-know-which-model-of-military-jacket', (14454514, 4, 2)), ('inspo-thread', (14434448, 224, 103)), ('what-the-hell-is-peggy-wearing-in-this-fantastic', (14454592, 4, 0)), ('what-do-i-ask-for-at-the-barber-to-get-this', (14454091, 8, 0)), ('mullets', (14446399, 37, 18)), ('what-does-fa-think-of-fingerless-gloves', (14453108, 13, 0)), ('are-sideburns-fa', (14454564, 0, 0)), ('should-i-buy-this-jacket-for-350', (14453630, 15, 1)), ('can-only-rich-blacks-pull-off-this', (14453438, 10, 0)), ('fa-humor', (14454526, 0, 0)), ('how-do-i-acquire-this-biker-aesthetic', (14447247, 70, 19)), ('rip-my-drip-fa', (14453902, 4, 0)), ('where-to-buy-high-waist-very-wide-and-long-jeans', (14452513, 6, 1)), ('that-guy-who-never-takes-off-his-beanie-in-the', (14449871, 39, 6)), ('pretentious-bitch-board', (14453484, 14, 3))])
157:
'k'
157:
'k'
157:
'l'
157:
'l'
65:
'https://a.4cdn.org/fa/thread/14449928'
79:
['//is2.4chan.org/fa/1561992052248.jpg', '//i.4cdn.org/fa/1561992052248s.jpg', '//is2.4chan.org/fa/1561992159599.png', '//i.4cdn.org/fa/1561992159599s.jpg', '//is2.4chan.org/fa/1562002752738.jpg', '//i.4cdn.org/fa/1562002752738s.jpg', '//is2.4chan.org/fa/1562013237261.jpg', '//i.4cdn.org/fa/1562013237261s.jpg', '//is2.4chan.org/fa/1562015174312.jpg', '//i.4cdn.org/fa/1562015174312s.jpg', '//is2.4chan.org/fa/1562015300277.png', '//i.4cdn.org/fa/1562015300277s.jpg', '//is2.4chan.org/fa/1562015405191.jpg', '//i.4cdn.org/fa/1562015405191s.jpg', '//is2.4chan.org/fa/1562015472974.jpg', '//i.4cdn.org/fa/1562015472974s.jpg', '//is2.4chan.org/fa/1562015569775.jpg', '//i.4cdn.org/fa/1562015569775s.jpg', '//is2.4chan.org/fa/1562016203390.jpg', '//i.4cdn.org/fa/1562016203390s.jpg', '//is2.4chan.org/fa/1562018124717.jpg', '//i.4cdn.org/fa/1562018124717s.jpg', '//is2.4chan.org/fa/1562026245715.jpg', '//i.4cdn.org/fa/1562026245715s.jpg', '//is2.4chan.org/fa/1562028263302.jpg', '//i.4cdn.org/fa/1562028263302s.jpg', '//is2.4chan.org/fa/1562032260152.jpg', '//i.4cdn.org/fa/1562032260152s.jpg', '//is2.4chan.org/fa/1562033980510.jpg', '//i.4cdn.org/fa/1562033980510s.jpg', '//is2.4chan.org/fa/1562041426653.jpg', '//i.4cdn.org/fa/1562041426653s.jpg', '//is2.4chan.org/fa/1562044756297.png', '//i.4cdn.org/fa/1562044756297s.jpg', '//is2.4chan.org/fa/1562052208403.jpg', '//i.4cdn.org/fa/1562052208403s.jpg', '//is2.4chan.org/fa/1562057133161.jpg', '//i.4cdn.org/fa/1562057133161s.jpg', '//is2.4chan.org/fa/1562118033640.jpg', '//i.4cdn.org/fa/1562118033640s.jpg', '//is2.4chan.org/fa/1562163164755.png', '//i.4cdn.org/fa/1562163164755s.jpg', '//is2.4chan.org/fa/1562163906229.png', '//i.4cdn.org/fa/1562163906229s.jpg', '//is2.4chan.org/fa/1562181256067.jpg', '//i.4cdn.org/fa/1562181256067s.jpg', '//is2.4chan.org/fa/1562187064812.png', '//i.4cdn.org/fa/1562187064812s.jpg']
16:
'YEET'
30:
['//i.4cdn.org/fa/1561992052248s.jpg', '//i.4cdn.org/fa/1561992159599s.jpg', '//i.4cdn.org/fa/1562002752738s.jpg', '//i.4cdn.org/fa/1562013237261s.jpg', '//i.4cdn.org/fa/1562015174312s.jpg', '//i.4cdn.org/fa/1562015300277s.jpg', '//i.4cdn.org/fa/1562015405191s.jpg', '//i.4cdn.org/fa/1562015472974s.jpg', '//i.4cdn.org/fa/1562015569775s.jpg', '//i.4cdn.org/fa/1562016203390s.jpg', '//i.4cdn.org/fa/1562018124717s.jpg', '//i.4cdn.org/fa/1562026245715s.jpg', '//i.4cdn.org/fa/1562028263302s.jpg', '//i.4cdn.org/fa/1562032260152s.jpg', '//i.4cdn.org/fa/1562033980510s.jpg', '//i.4cdn.org/fa/1562041426653s.jpg', '//i.4cdn.org/fa/1562044756297s.jpg', '//i.4cdn.org/fa/1562052208403s.jpg', '//i.4cdn.org/fa/1562057133161s.jpg', '//i.4cdn.org/fa/1562118033640s.jpg', '//i.4cdn.org/fa/1562163164755s.jpg', '//i.4cdn.org/fa/1562163906229s.jpg', '//i.4cdn.org/fa/1562181256067s.jpg', '//i.4cdn.org/fa/1562187064812s.jpg']
35:
('Hoe thread. They make my peepee big.', True)
35:
('<a href="#p14449928" class="quotelink">&gt;&gt;14449928</a><br>they make my peepee big but hurt my heart :(', False)
35:
('shes a big guy', False)
35:
('<a href="#p14449928" class="quotelink">&gt;&gt;14449928</a><br><span class="quote">&gt;art hoe</span><br><span class="quote">&gt;posts land whale</span>', True)
35:
('<a href="#p14449928" class="quotelink">&gt;&gt;14449928</a><br><span class="quote">&gt;art hoe</span><br><span class="quote">&gt;posts an eggplant</span>', False)
35:
('<a href="#p14449928" class="quotelink">&gt;&gt;14449928</a><br>More like Land ho', False)
35:
('Fuck an art hoe and you&#039;ll probs get diseased take it from me boss', False)
35:
('Ham beast', False)
35:
('<a href="#p14449928" class="quotelink">&gt;&gt;14449928</a><br>sauce please', False)
35:
('<a href="#p14449928" class="quotelink">&gt;&gt;14449928</a><br>i think i know her irl', False)
35:
('Fat arthoes seriously piss me off<br>They&#039;re using their style to try and cover up what a ginormous disgusting hamplanet they really are', False)
35:
('<a href="#p14449928" class="quotelink">&gt;&gt;14449928</a><br>What a disgusting human being', False)
35:
('ITT: dudes who don&#039;t know big girls got that good yank make you cum too fast then snuggle the fuck outa you <br><br>BBW neck game deadass a real tenga just give it a try fuck', False)
35:
('<a href="#p14449939" class="quotelink">&gt;&gt;14449939</a><br><span class="quote">&gt;kek</span>', True)
35:
('<a href="#p14450249" class="quotelink">&gt;&gt;14450249</a><br>based', False)
35:
('<a href="#p14449928" class="quotelink">&gt;&gt;14449928</a><br>Stop posting disgusting whitoid', False)
35:
('<a href="#p14449928" class="quotelink">&gt;&gt;14449928</a><br>more like an art tractor lmao', False)
35:
('<a href="#p14449928" class="quotelink">&gt;&gt;14449928</a><br>CRush mE mommy', False)
35:
('<a href="#p14449932" class="quotelink">&gt;&gt;14449932</a><br>For you.', False)
35:
('<a href="#p14449928" class="quotelink">&gt;&gt;14449928</a><br>More like an art backhoe', False)
35:
('<a href="#p14449928" class="quotelink">&gt;&gt;14449928</a><br>I hate fat people.', False)
35:
('<a href="#p14449928" class="quotelink">&gt;&gt;14449928</a><br>ART HOE? MORE LIKE FAT HOE. WHAT THE FUCK WHERE THEY THINKING!?', True)
35:
('<a href="#p14449928" class="quotelink">&gt;&gt;14449928</a><br>T H I C C', False)
35:
('<a href="#p14449928" class="quotelink">&gt;&gt;14449928</a><br>her head is so fuckin small lmao, look how big her hand is in comparison', False)
35:
('You didn&#039;t even post a human, OP. I guess I have to take over for you.', True)
35:
('', True)
35:
('', True)
35:
('I&#039;m so fucking horny for art hoes. I want to fuck a coked-out tumblr hipster DIY aesthetic astrology thot in her lip gloss DSL mouth. I want to cum all over a girl with thick frame glasses and edge dyed bobcat bangs. Everytime I hear a THICK, waist-high-jean-clad braindead choker-wearing slutty wiccan minx say &quot;yikes&quot;, &quot;y&#039;all&quot;, &quot;big mood&quot;, &quot;cancelled&quot; or &quot;this is a bop&quot;, I get an uncontrollable urge to run up to her and fondle her d cups and sweaty fat thighs. I want to pour my white olive oil onto her contoured cheeks and neotenous faces and rhinoplatisized nose. I want to finger an art hoe through her jean overalls while pretending to be interested as she talks about van gogh and arctic monkeys and how david foster wallace fans suck and gilles deleuze and VICE news and &#039;union pool&#039; in williamsburg and steven universe and homeopathy and saveur magazine and taking adderallto pass exams. IM SO. Fucking. Horny', True)
35:
('', True)
35:
('<a href="#p14450712" class="quotelink">&gt;&gt;14450712</a><br>gaddam who is this', False)
35:
('<a href="#p14450249" class="quotelink">&gt;&gt;14450249</a><br>Of course they gotta step up their game because they need to compensate', False)
35:
('', True)
35:
('', True)
35:
('<a href="#p14449928" class="quotelink">&gt;&gt;14449928</a><br>WHO', False)
35:
('honest question<br>how do i get an art gf. im not looking for a hookup. but an actual girlfriend', False)
35:
('<a href="#p14451060" class="quotelink">&gt;&gt;14451060</a><br>tinder. I matched with a lot of them on there by simply not being a complete normie<br>otherwise go to skate parks where they are whoring around, thinking they will get the skaters attention lool', False)
35:
('<a href="#p14451085" class="quotelink">&gt;&gt;14451085</a><br>i&#039;ve tried tinder. all i got was<br>hookups and ppl not feeling the &quot;spark&quot; with me', False)
35:
('<a href="#p14450760" class="quotelink">&gt;&gt;14450760</a><br>If you REALLY wanted to post art, you&#039;d post her anus.', False)
35:
('<a href="#p14449928" class="quotelink">&gt;&gt;14449928</a><br><span class="quote">&gt;imagine the milk</span><br>sauce pls', False)
35:
('why are they all so fucking alluring, what is wrong with me, is this a weird human thing, why am i so attracted to them despite knowing i will likely hate them and their personality?', False)
35:
('<a href="#p14451160" class="quotelink">&gt;&gt;14451160</a><br>you like what you see/know anon, you can&#039;t see through peoples personalities at first so it&#039;s normal.', False)
35:
('muh fucking dick', True)
35:
('<a href="#p14451060" class="quotelink">&gt;&gt;14451060</a><br>go to half priced books its the best place to find women not joking', False)
35:
('<a href="#p14451060" class="quotelink">&gt;&gt;14451060</a><br><a href="#p14451214" class="quotelink">&gt;&gt;14451214</a><br>its so fucking easy just ask what book they&#039;re looking for/reading and you&#039;ve got a foot in the door', False)
35:
('<a href="#p14451214" class="quotelink">&gt;&gt;14451214</a><br><a href="#p14451217" class="quotelink">&gt;&gt;14451217</a><br>im in florida. but there&#039;s a book store near a campus. i&#039;ll start hanging there<br>thx anon', False)
35:
('<a href="#p14451214" class="quotelink">&gt;&gt;14451214</a><br>like the discount books section of a book store? Whats the point they arent actually interested in the books they just want people to think they are and build a public aesthetic.', False)
35:
('<a href="#p14451223" class="quotelink">&gt;&gt;14451223</a><br>it&#039;s a book store. although I&#039;m sure any used book store that has an intellectual vibe will do the trick<br>t. proud Golden Bear', False)
35:
('<a href="#p14450712" class="quotelink">&gt;&gt;14450712</a><br>NNNNAAAAARGH MY FUCKING DICK HNNGHHH WHO?', True)
35:
('<a href="#p14450633" class="quotelink">&gt;&gt;14450633</a><br>based', False)
35:
('Ohhhh that’s what an art hoe is.<br><br>You gotta be careful with art hoes, they’re realllllllly slutty. At least the art hoes I know', False)
35:
('<span class="quote">&gt;tfw lost virginity to art hoe</span>', False)
35:
('<a href="#p14451232" class="quotelink">&gt;&gt;14451232</a><br>I&#039;ll look out for you at the HPB on Lane, Anon. ;)', False)
35:
('<a href="#p14449939" class="quotelink">&gt;&gt;14449939</a>', True)
35:
('<a href="#p14450712" class="quotelink">&gt;&gt;14450712</a><br>Everytime I see one of these posts', True)
35:
('<a href="#p14449939" class="quotelink">&gt;&gt;14449939</a><br>Lol', False)
35:
('<a href="#p14451203" class="quotelink">&gt;&gt;14451203</a><br>His too', False)
35:
('<a href="#p14449928" class="quotelink">&gt;&gt;14449928</a><br>Holy fuck fatties&#039; hands always look so tiny compared to their huge bodies', False)
35:
('<a href="#p14450249" class="quotelink">&gt;&gt;14450249</a><br>The thing is, a big girl is going to fuck you extra hard because she&#039;s enthusiastic about it and doesn&#039;t want to lose you. Sex where the chick is enthusiastic is a lot different.', False)
35:
('<a href="#p14449939" class="quotelink">&gt;&gt;14449939</a><br>LMAO', False)
35:
('<a href="#p14451343" class="quotelink">&gt;&gt;14451343</a><br>was it worth it', False)
35:
('<a href="#p14450718" class="quotelink">&gt;&gt;14450718</a>', True)
35:
('<a href="#p14450724" class="quotelink">&gt;&gt;14450724</a><br><span class="quote">&gt;braindead</span><br>why does every hot girl boil down to this. I know it&#039;s just because looks are actually everything and are factor one in deciding how you will be treated. But why does it have to be like this. I can&#039;t keep it hard anymore', True)
35:
('<a href="#p14449939" class="quotelink">&gt;&gt;14449939</a><br>10/10', False)
35:
('<a href="#p14449962" class="quotelink">&gt;&gt;14449962</a><br>this <br><br><br>i ate art hoe pussy and got a bacterial infection', True)
35:
('<a href="#p14450760" class="quotelink">&gt;&gt;14450760</a>', True)
35:
('<a href="#p14449939" class="quotelink">&gt;&gt;14449939</a><br>HAHAHAHAHAHAHAHAHAHAHA', False)
35:
('<a href="#p14449928" class="quotelink">&gt;&gt;14449928</a><br>I wish all morbidly obese people would dress like this this, it&#039;s a lot less abrasive on the eye', False)
35:
('<a href="#p14449928" class="quotelink">&gt;&gt;14449928</a><br>Absolutely fucking disgusting', False)
35:
('<a href="#p14451824" class="quotelink">&gt;&gt;14451824</a><br><span class="quote">&gt;going down on anyone but your wife or long term partner</span><br>rookie mistake', False)
35:
('<a href="#p14450633" class="quotelink">&gt;&gt;14450633</a><br>Based', False)
35:
('<a href="#p14449928" class="quotelink">&gt;&gt;14449928</a><br>I&#039;m not even gonna hate on her. I want to her to kill that trend dead and every fat cunt that dresses like this is one fat cunt less dressing like a goth.', False)
35:
('<a href="#p14450760" class="quotelink">&gt;&gt;14450760</a><br>Damn, Hank Hill looks like THAT?', False)
35:
('<a href="#p14453232" class="quotelink">&gt;&gt;14453232</a><br>KEK', False)
35:
('<a href="#p14453232" class="quotelink">&gt;&gt;14453232</a>', True)
35:
('how do i meet one of these - literally even the one in OP - girls if I&#039;m a short, ugly ethnic?', False)
35:
('<a href="#p14453715" class="quotelink">&gt;&gt;14453715</a><br>Like, yare yare daze, man', False)
35:
('<a href="#p14449939" class="quotelink">&gt;&gt;14449939</a>', True)
35:
('<a href="#p14450712" class="quotelink">&gt;&gt;14450712</a><br><a href="#p14450734" class="quotelink">&gt;&gt;14450734</a><br><a href="#p14451247" class="quotelink">&gt;&gt;14451247</a><br><a href="#p14451401" class="quotelink">&gt;&gt;14451401</a><br>found her<br>https://www.instagram.com/girlbimbo<wbr>/<br><br>im so fucking HORNY and SAD bros <br>GOD DAMN IT', True)
35:
('<a href="#p14454689" class="quotelink">&gt;&gt;14454689</a><br>w2c', False)
35:
('<a href="#p14449939" class="quotelink">&gt;&gt;14449939</a>', True)
35:
('<a href="#p14449928" class="quotelink">&gt;&gt;14449928</a><br>No tits wide hips yet no ass,<br>How do fat chicks end up like this!?', False)
35:
('<a href="#p14451452" class="quotelink">&gt;&gt;14451452</a><br>vastly underrated post', False)
35:
('<a href="#p14449939" class="quotelink">&gt;&gt;14449939</a><br>kek', True)
35:
('<a href="#p14449939" class="quotelink">&gt;&gt;14449939</a><br>noice', False)
35:
('<a href="#p14449928" class="quotelink">&gt;&gt;14449928</a><br>You look like you have a town bf who has time to catch people faving your tweets', False)
35:
('<a href="#p14454689" class="quotelink">&gt;&gt;14454689</a><br>holy fuck what a bod', False)
35:
('<a href="#p14453740" class="quotelink">&gt;&gt;14453740</a><br>you go the fuck back and find a short ugly ethnic art hoe somewhere else', False)
35:
('<a href="#p14454689" class="quotelink">&gt;&gt;14454689</a><br>AAAAAAAAAAAAAAAAAAAAAAAAAAAAAAAAAAA<wbr>AAAAAAAAAAAAAAAAAAAAAAAAAAAAAAAAAAA<wbr>AAAAAAAAAAAAAAAAAAAAAAAAAAAAAAAAAAA<wbr>AAAAAAAHHHHHHHHHHHHHHHHHHHHHHHHHHHH<wbr>HHHHH', False)
157:
'j'
157:
'j'
157:
'j'
157:
'k'
157:
'j'
157:
'j'
157:
'j'
157:
'j'
157:
'k'
157:
'k'
157:
'k'
157:
'k'
157:
'k'
157:
'j'
157:
'k'
157:
'q'
20:
OrderedDict([('tuxbellcom', (6310205, 0, 0)), ('boots-general-boots', (14446812, 163, 35)), ('do-women-actually-like-this-look', (14455744, 4, 0)), ('art', (14449928, 87, 23)), ('fa-feels-thread', (14449025, 48, 7)), ('can-someone-tell-me-please-how-can-i-make-this', (14456031, 1, 0)), ('why-im-quitting-fashion', (14449531, 21, 5)), ('k', (14455861, 2, 1)), ('best-worst-of-jonah-hill-thread', (14455520, 14, 0)), ('sleazecore', (14444969, 124, 43)), ('how-should-i-dress-as-an-indie-game-designer', (14455214, 9, 2)), ('female-fashion', (14443147, 255, 131)), ('what-do-you-think-of-nicks-fit-fa', (14455969, 6, 3)), ('how-is-north-korea-so-damn-effay', (14455563, 18, 7)), ('how-much-makeup-is-too-much', (14452936, 45, 8)), ('fragrance-general', (14447946, 314, 51)), ('hey-4channel', (14454372, 17, 2)), ('wt-watch-thread', (14454494, 196, 40)), ('quick-question-does-this-look-retarded-the-shoes', (14455580, 19, 3)), ('they-say-fashion-is-cyclical-when-are-dragon', (14455315, 24, 6)), ('lets-have-a-awfull-clothes-youll-wear-for-fun', (14451486, 36, 12)), ('just-watched-drive-with-ryan-gosling-for-the', (14452564, 32, 10)), ('cop-or-not', (14439473, 229, 92)), ('post-your-ideal-girlfriends-style', (14446121, 220, 99)), ('why-arent-these-the-number-one-shoe-on-this-board', (14454924, 3, 0)), ('what-are-some-of-the-most-fa-transpeople', (14455334, 19, 7)), ('should-i-color-my-hair', (14455909, 9, 0)), ('recent-cops-thread', (14440932, 89, 35)), ('vaporfashion', (14455225, 7, 1)), ('rec-me-some-black-leather-trainers-that-can-be', (14454326, 7, 2)), ('what-do-you-think-about-moustaches', (14455842, 7, 5)), ('why-do-so-many-women-get-ugly-nose-piercings-now', (14455046, 19, 2)), ('lets-see-if-fa-can-get-this-right', (14455370, 14, 3)), ('what-are-the-best-sunglasses-for-a-poorfag', (14454049, 4, 1)), ('grid-thread', (14436512, 217, 66)), ('guys-im-20-wtf-do-i-do-besides-kill-myself', (14451494, 39, 6)), ('should-you-wash-brand-new-clothes-that-you-buy', (14452999, 8, 0)), ('beards-are-the-fedora-of-the-body', (14455602, 10, 3)), ('jonah-is-back', (14454136, 31, 19)), ('id-thread', (14455840, 4, 0)), ('male-hair-products-that-dont-darken-hair', (14454843, 8, 3)), ('any-linksinfographs-on-how-to-build-a-wardrobe', (14455017, 4, 0)), ('bigj-shoe', (14455517, 7, 2)), ('recreating-this-look', (14455751, 3, 0)), ('sneakers-general-snkrs', (14444326, 161, 60)), ('fa-i-need-your-help-incorporating-this-shirt-into', (14453431, 11, 1)), ('why-havent-you-taken-the-crustpill-fa', (14455478, 25, 5)), ('beat-takeshis-clothing-choice', (14455915, 0, 0)), ('skinny-chad-thread', (14455896, 1, 0)), ('blue-safari-jacket', (14454331, 8, 4)), ('utilitarian-wear', (14455700, 9, 1)), ('which-yeezys-are-the-best-to-buy', (14453782, 13, 5)), ('waywt', (14448682, 142, 37)), ('small-accessorites-inpirationappriciation-thread', (14451430, 45, 13)), ('can-somebody-explain-to-me-what-sexcore-is-and', (14453190, 30, 4)), ('whos-the-playboi-carti-of-fashion', (14451029, 24, 5)), ('rip', (14451278, 31, 5)), ('diy-generaldiy', (14448345, 86, 28)), ('fa-my-bmi-is-17-but-i-feel-too-fat', (14453865, 61, 4)), ('convince-me-why-i-shouldnt-buy-timbs-over-docs', (14454653, 17, 1)), ('hair-general-wtf-should-i-do-with-my-hair-edition', (14450163, 95, 28)), ('wt-watch-thread-omega-motmfm-edition', (14441027, 277, 57)), ('queens-of-fa-thread', (14437450, 143, 39)), ('fa-help-1-lets-make-you-look-fa', (14452015, 30, 6)), ('thoughts-on-vermont-hat', (14454922, 4, 0)), ('how-do-i-achieve-this-hairstyle-starting-from', (14452851, 13, 1)), ('i-made-500k-in-the-the-bullrun-choose-my-outfits', (14454408, 9, 1)), ('rate-me-and-my-girls-look', (14452027, 46, 11)), ('bruh-yall-got-some-fire-soundcloud-hiphop-for-me', (14452559, 28, 9)), ('should-progressives-use-fashion-to-draw-appeal-or', (14450559, 62, 6)), ('how-much-is-your-outfit-bro', (14455677, 0, 0)), ('whaddaya-think', (14451491, 45, 1)), ('decent-suittie-combination', (14447408, 62, 29)), ('i-was-initially-thinking-about-black-but-do-you', (14452820, 4, 0)), ('any-tips-for-woman-fashionlooks-in-general-im-a', (14455104, 44, 3)), ('what-do-you-call-this-look', (14451515, 20, 3)), ('skin-thread', (14423140, 149, 14)), ('club-outfits', (14455209, 6, 1)), ('koreaboo-hair', (14455051, 3, 1)), ('spending-all-my-money-on-clothes-to-avoid-working', (14454773, 7, 4)), ('be-part-time-fashion-student-as-a-hobby-because-i', (14455463, 2, 0)), ('what-are-the-best-resources-to-find-some-good', (14455154, 3, 0)), ('my-face-is-asymmetrical', (14454885, 13, 4)), ('how-do-i-achieve-this-aesthetic', (14453272, 14, 1)), ('how-to-make-these-types-of-pants-work', (14455419, 1, 0)), ('quick-question', (14452445, 27, 13)), ('how-i-dress-to-get-girl-like-this', (14454576, 7, 1)), ('alert-alert-alert', (14455396, 2, 0)), ('i-love-this-shirt-but-im-in-europe-and-dont-know', (14455392, 6, 1)), ('tradivyprep-thread-gth-edition', (14449638, 136, 30)), ('anime-inspo', (14454803, 6, 5)), ('fashion-trends-you-want-back', (14439439, 98, 34)), ('tonight', (14453682, 7, 1)), ('how-do-i-build-a-business-casual-wardrobe', (14455101, 3, 0)), ('why-are-all-barbers-so-fucking-stupid-i-asked-him', (14453206, 23, 3)), ('jodeci', (14454231, 10, 1)), ('how-do-you-trim-your-pubes-without-it-getting-so', (14455210, 6, 1)), ('do-you-like-girls-with-bangs', (14444788, 101, 18)), ('are-doctors-effay-should-i-become-one', (14445917, 148, 23)), ('what-should-i-wear-to-interest-my-boyfriend-in', (14454499, 13, 1)), ('what-are-some-good-fashion-youtubers-that-you', (14453371, 12, 3)), ('sexy-lucifer-statue', (14455119, 2, 0)), ('what-core-is-dressing-like-a-lesbian-vampire-in-a', (14454026, 1, 0)), ('is-plastic-surgery-fa', (14454651, 9, 1)), ('how-much-jewelry-is-a-man-allowed-to-wear', (14454623, 4, 0)), ('just-ordered-two-pair-of-espadrilles-one-bluepic', (14454674, 4, 2)), ('is-he-based', (14451794, 23, 3)), ('bandanas', (14454812, 5, 2)), ('what-core-is-this', (14454848, 5, 2)), ('im-putting-together-a-team-serious-applications', (14445021, 59, 53)), ('sup-fa', (14453209, 5, 0)), ('fa-has-really-turned-to-shit', (14452568, 12, 3)), ('there-is-literally-nothing-wrong-with-tighty', (14451750, 21, 4)), ('what-do-you-think-about-overalls', (14452931, 31, 2)), ('rate-my-style', (14451338, 25, 1)), ('moves-containers-from-china-to-the-world', (14448623, 45, 10)), ('would-like-the-sweater', (14451866, 15, 1)), ('whats-the-name-of-this-aesthetic-what-brands-you', (14453475, 13, 0)), ('vostok-watches', (14453641, 13, 2)), ('is-it-normal-that-im-sexually-attracted-by-my-own', (14454633, 8, 2)), ('wtf-he-looks-more-like-bladee-does-than-bladee', (14454797, 3, 2)), ('what-kinda-clothing-would-you-wear-to-to-have-a', (14444787, 119, 41)), ('i-have-the-exact-same-hair-texture-as-this-leaf', (14454805, 3, 1)), ('how-do-i-achieve-this-look-as-a-sub-20-bmi-18', (14454680, 3, 0)), ('are-my-beautiful-arms-a-good-fashion-accessory-i', (14454779, 8, 1)), ('any-wuppertal-fags-in-here-lets-do-a-meet-up', (14452041, 25, 5)), ('why-yes-im-here-for-sex-how-did-you-know', (14453091, 6, 0)), ('brown-hair-pale-skin-very-light-eyes-female-23', (14453451, 22, 1)), ('what-is-the-real-life-version-of-this-hair-or', (14454670, 1, 0)), ('id-thread-id-thread', (14454375, 3, 2)), ('what-is-fas-opinion-on-finna-wolhard', (14453505, 25, 5)), ('does-anybody-know-which-model-of-military-jacket', (14454514, 4, 2)), ('inspo-thread', (14434448, 224, 103)), ('what-the-hell-is-peggy-wearing-in-this-fantastic', (14454592, 4, 0)), ('what-do-i-ask-for-at-the-barber-to-get-this', (14454091, 8, 0)), ('mullets', (14446399, 37, 18)), ('what-does-fa-think-of-fingerless-gloves', (14453108, 13, 0)), ('are-sideburns-fa', (14454564, 0, 0)), ('should-i-buy-this-jacket-for-350', (14453630, 15, 1)), ('can-only-rich-blacks-pull-off-this', (14453438, 10, 0)), ('fa-humor', (14454526, 0, 0)), ('how-do-i-acquire-this-biker-aesthetic', (14447247, 70, 19)), ('rip-my-drip-fa', (14453902, 4, 0)), ('where-to-buy-high-waist-very-wide-and-long-jeans', (14452513, 6, 1)), ('that-guy-who-never-takes-off-his-beanie-in-the', (14449871, 39, 6)), ('pretentious-bitch-board', (14453484, 14, 3))])
157:
'l'
157:
'j'
157:
'q'
157:
'q'
